[debug] [2018-03-06T16:23:56.425Z] ----------------------------------------------------------------------
[debug] [2018-03-06T16:23:56.431Z] Command:       /home/travis/.nvm/versions/node/v6.13.0/bin/node /home/travis/build/bespoken/dashboard/node_modules/.bin/firebase deploy --token 1/JPz73PYlhKPPcPu3SkdnN9IAx9ihSr2cLbQgon3M1Qf_VHYbR-_JvvMZQAsVYcAX --debug
[debug] [2018-03-06T16:23:56.435Z] CLI Version:   3.17.4
[debug] [2018-03-06T16:23:56.435Z] Platform:      linux
[debug] [2018-03-06T16:23:56.435Z] Node Version:  v6.13.0
[debug] [2018-03-06T16:23:56.435Z] Time:          Tue Mar 06 2018 16:23:56 GMT+0000 (UTC)
[debug] [2018-03-06T16:23:56.435Z] ----------------------------------------------------------------------
[debug] 
[debug] [2018-03-06T16:23:56.453Z] > command requires scopes: ["email","openid","https://www.googleapis.com/auth/cloudplatformprojects.readonly","https://www.googleapis.com/auth/firebase","https://www.googleapis.com/auth/cloud-platform"]
[debug] [2018-03-06T16:23:56.453Z] > authorizing via --token option
[debug] [2018-03-06T16:23:56.456Z] > refreshing access token with scopes: ["email","openid","https://www.googleapis.com/auth/cloudplatformprojects.readonly","https://www.googleapis.com/auth/firebase","https://www.googleapis.com/auth/cloud-platform"]
[debug] [2018-03-06T16:23:56.456Z] >>> HTTP REQUEST POST https://www.googleapis.com/oauth2/v3/token  
 { refresh_token: '1/JPz73PYlhKPPcPu3SkdnN9IAx9ihSr2cLbQgon3M1Qf_VHYbR-_JvvMZQAsVYcAX',
  client_id: '563584335869-fgrhgmd47bqnekij5i8b5pr03ho849e6.apps.googleusercontent.com',
  client_secret: 'j9iVZfS8kkCEFUPaAeJV0sAi',
  grant_type: 'refresh_token',
  scope: 'email openid https://www.googleapis.com/auth/cloudplatformprojects.readonly https://www.googleapis.com/auth/firebase https://www.googleapis.com/auth/cloud-platform' } 
 Tue Mar 06 2018 16:23:56 GMT+0000 (UTC)
[debug] [2018-03-06T16:23:56.598Z] <<< HTTP RESPONSE 200
[debug] [2018-03-06T16:23:56.608Z] >>> HTTP REQUEST GET https://admin.firebase.com/v1/projects/build-dashboard-57502  
  
 Tue Mar 06 2018 16:23:56 GMT+0000 (UTC)
[debug] [2018-03-06T16:23:56.853Z] <<< HTTP RESPONSE 200
[debug] [2018-03-06T16:23:56.855Z] >>> HTTP REQUEST GET https://admin.firebase.com/v1/database/build-dashboard-57502/tokens  
  
 Tue Mar 06 2018 16:23:56 GMT+0000 (UTC)
[debug] [2018-03-06T16:23:57.251Z] <<< HTTP RESPONSE 200
[info] 
[info] === Deploying to 'build-dashboard-57502'...
[info] 
[info] i  deploying hosting
[info] i  hosting: preparing harness directory for upload...
[debug] [2018-03-06T16:23:58.557Z] >>> HTTP REQUEST PUT https://deploy.firebase.com/v1/hosting/build-dashboard-57502/uploads/-L6w75Qat-QKWoGqOiN3?fileCount=24&message=  
  
 Tue Mar 06 2018 16:23:58 GMT+0000 (UTC)
[debug] [2018-03-06T16:24:01.371Z] <<< HTTP RESPONSE 200
[debug] [2018-03-06T16:24:01.371Z] [hosting] .tgz uploaded successfully, waiting for extraction
[info] ✔  hosting: 24 files uploaded successfully
[debug] [2018-03-06T16:24:02.176Z] >>> HTTP REQUEST POST https://deploy.firebase.com/v1/projects/build-dashboard-57502/releases  
 { hosting: 
   { public: 'harness',
     rewrites: [ [Object] ],
     version: '-L6w75Qat-QKWoGqOiN3',
     prefix: '-L6w75Qat-QKWoGqOiN3/',
     manifest: [] } } 
 Tue Mar 06 2018 16:24:02 GMT+0000 (UTC)
[debug] [2018-03-06T16:24:03.184Z] <<< HTTP RESPONSE 200
